{"/Users/hyunji/Downloads/(250912)jest-test/src/async.ts": {"path":"/Users/hyunji/Downloads/(250912)jest-test/src/async.ts","all":false,"statementMap":{"0":{"start":{"line":1,"column":0},"end":{"line":1,"column":40}},"1":{"start":{"line":2,"column":0},"end":{"line":2,"column":0}},"2":{"start":{"line":3,"column":0},"end":{"line":3,"column":46}},"3":{"start":{"line":4,"column":0},"end":{"line":4,"column":35}},"4":{"start":{"line":5,"column":0},"end":{"line":5,"column":1}},"5":{"start":{"line":6,"column":0},"end":{"line":6,"column":0}},"6":{"start":{"line":7,"column":0},"end":{"line":7,"column":39}},"7":{"start":{"line":8,"column":0},"end":{"line":8,"column":71}},"8":{"start":{"line":9,"column":0},"end":{"line":9,"column":45}},"9":{"start":{"line":10,"column":0},"end":{"line":10,"column":18}},"10":{"start":{"line":11,"column":0},"end":{"line":11,"column":1}}},"s":{"0":1,"1":1,"2":1,"3":1,"4":1,"5":1,"6":1,"7":1,"8":1,"9":1,"10":1},"branchMap":{"0":{"type":"branch","line":3,"loc":{"start":{"line":3,"column":25},"end":{"line":5,"column":1}},"locations":[{"start":{"line":3,"column":25},"end":{"line":5,"column":1}}]},"1":{"type":"branch","line":4,"loc":{"start":{"line":4,"column":15},"end":{"line":4,"column":29}},"locations":[{"start":{"line":4,"column":15},"end":{"line":4,"column":29}}]},"2":{"type":"branch","line":7,"loc":{"start":{"line":7,"column":26},"end":{"line":11,"column":1}},"locations":[{"start":{"line":7,"column":26},"end":{"line":11,"column":1}}]}},"b":{"0":[1],"1":[1],"2":[1]},"fnMap":{"0":{"name":"fetchData","decl":{"start":{"line":3,"column":25},"end":{"line":5,"column":1}},"loc":{"start":{"line":3,"column":25},"end":{"line":5,"column":1}},"line":3},"1":{"name":"getAvatars","decl":{"start":{"line":7,"column":26},"end":{"line":11,"column":1}},"loc":{"start":{"line":7,"column":26},"end":{"line":11,"column":1}},"line":7}},"f":{"0":1,"1":1}}
,"/Users/hyunji/Downloads/(250912)jest-test/src/couter.ts": {"path":"/Users/hyunji/Downloads/(250912)jest-test/src/couter.ts","all":false,"statementMap":{"0":{"start":{"line":1,"column":0},"end":{"line":1,"column":15}},"1":{"start":{"line":2,"column":0},"end":{"line":2,"column":21}},"2":{"start":{"line":3,"column":0},"end":{"line":3,"column":0}},"3":{"start":{"line":4,"column":0},"end":{"line":4,"column":17}},"4":{"start":{"line":5,"column":0},"end":{"line":5,"column":20}},"5":{"start":{"line":6,"column":0},"end":{"line":6,"column":5}},"6":{"start":{"line":7,"column":0},"end":{"line":7,"column":17}},"7":{"start":{"line":8,"column":0},"end":{"line":8,"column":20}},"8":{"start":{"line":9,"column":0},"end":{"line":9,"column":5}},"9":{"start":{"line":10,"column":0},"end":{"line":10,"column":24}},"10":{"start":{"line":11,"column":0},"end":{"line":11,"column":26}},"11":{"start":{"line":12,"column":0},"end":{"line":12,"column":5}},"12":{"start":{"line":13,"column":0},"end":{"line":13,"column":11}},"13":{"start":{"line":14,"column":0},"end":{"line":14,"column":25}},"14":{"start":{"line":15,"column":0},"end":{"line":15,"column":5}},"15":{"start":{"line":16,"column":0},"end":{"line":16,"column":13}},"16":{"start":{"line":17,"column":0},"end":{"line":17,"column":22}},"17":{"start":{"line":18,"column":0},"end":{"line":18,"column":5}},"18":{"start":{"line":19,"column":0},"end":{"line":19,"column":1}},"19":{"start":{"line":20,"column":0},"end":{"line":20,"column":0}},"20":{"start":{"line":21,"column":0},"end":{"line":21,"column":22}}},"s":{"0":1,"1":1,"2":1,"3":1,"4":1,"5":1,"6":1,"7":1,"8":1,"9":1,"10":2,"11":2,"12":1,"13":2,"14":2,"15":1,"16":0,"17":0,"18":1,"19":1,"20":1},"branchMap":{"0":{"type":"branch","line":1,"loc":{"start":{"line":1,"column":13},"end":{"line":19,"column":1}},"locations":[{"start":{"line":1,"column":13},"end":{"line":19,"column":1}}]},"1":{"type":"branch","line":4,"loc":{"start":{"line":4,"column":4},"end":{"line":6,"column":5}},"locations":[{"start":{"line":4,"column":4},"end":{"line":6,"column":5}}]},"2":{"type":"branch","line":7,"loc":{"start":{"line":7,"column":4},"end":{"line":9,"column":5}},"locations":[{"start":{"line":7,"column":4},"end":{"line":9,"column":5}}]},"3":{"type":"branch","line":10,"loc":{"start":{"line":10,"column":4},"end":{"line":12,"column":5}},"locations":[{"start":{"line":10,"column":4},"end":{"line":12,"column":5}}]},"4":{"type":"branch","line":13,"loc":{"start":{"line":13,"column":4},"end":{"line":15,"column":5}},"locations":[{"start":{"line":13,"column":4},"end":{"line":15,"column":5}}]}},"b":{"0":[1],"1":[1],"2":[1],"3":[2],"4":[2]},"fnMap":{"0":{"name":"<instance_members_initializer>","decl":{"start":{"line":1,"column":13},"end":{"line":19,"column":1}},"loc":{"start":{"line":1,"column":13},"end":{"line":19,"column":1}},"line":1},"1":{"name":"increment","decl":{"start":{"line":4,"column":4},"end":{"line":6,"column":5}},"loc":{"start":{"line":4,"column":4},"end":{"line":6,"column":5}},"line":4},"2":{"name":"decrement","decl":{"start":{"line":7,"column":4},"end":{"line":9,"column":5}},"loc":{"start":{"line":7,"column":4},"end":{"line":9,"column":5}},"line":7},"3":{"name":"set","decl":{"start":{"line":10,"column":4},"end":{"line":12,"column":5}},"loc":{"start":{"line":10,"column":4},"end":{"line":12,"column":5}},"line":10},"4":{"name":"get","decl":{"start":{"line":13,"column":4},"end":{"line":15,"column":5}},"loc":{"start":{"line":13,"column":4},"end":{"line":15,"column":5}},"line":13},"5":{"name":"reset","decl":{"start":{"line":16,"column":4},"end":{"line":18,"column":5}},"loc":{"start":{"line":16,"column":4},"end":{"line":18,"column":5}},"line":16}},"f":{"0":1,"1":1,"2":1,"3":2,"4":2,"5":0}}
,"/Users/hyunji/Downloads/(250912)jest-test/src/data.ts": {"path":"/Users/hyunji/Downloads/(250912)jest-test/src/data.ts","all":false,"statementMap":{"0":{"start":{"line":1,"column":0},"end":{"line":1,"column":25}},"1":{"start":{"line":2,"column":0},"end":{"line":2,"column":39}},"2":{"start":{"line":3,"column":0},"end":{"line":3,"column":43}},"3":{"start":{"line":4,"column":0},"end":{"line":4,"column":47}},"4":{"start":{"line":5,"column":0},"end":{"line":5,"column":44}},"5":{"start":{"line":6,"column":0},"end":{"line":6,"column":41}},"6":{"start":{"line":7,"column":0},"end":{"line":7,"column":47}},"7":{"start":{"line":8,"column":0},"end":{"line":8,"column":48}},"8":{"start":{"line":9,"column":0},"end":{"line":9,"column":40}},"9":{"start":{"line":10,"column":0},"end":{"line":10,"column":41}},"10":{"start":{"line":11,"column":0},"end":{"line":11,"column":40}},"11":{"start":{"line":12,"column":0},"end":{"line":12,"column":1}}},"s":{"0":1,"1":1,"2":1,"3":1,"4":1,"5":1,"6":1,"7":1,"8":1,"9":1,"10":1,"11":1},"branchMap":{},"b":{},"fnMap":{},"f":{}}
,"/Users/hyunji/Downloads/(250912)jest-test/src/flip-coin.ts": {"path":"/Users/hyunji/Downloads/(250912)jest-test/src/flip-coin.ts","all":false,"statementMap":{"0":{"start":{"line":1,"column":0},"end":{"line":1,"column":27}},"1":{"start":{"line":2,"column":0},"end":{"line":2,"column":0}},"2":{"start":{"line":3,"column":0},"end":{"line":3,"column":37}},"3":{"start":{"line":4,"column":0},"end":{"line":4,"column":31}},"4":{"start":{"line":5,"column":0},"end":{"line":5,"column":40}},"5":{"start":{"line":6,"column":0},"end":{"line":6,"column":1}}},"s":{"0":1,"1":1,"2":1,"3":3,"4":3,"5":3},"branchMap":{"0":{"type":"branch","line":3,"loc":{"start":{"line":3,"column":24},"end":{"line":6,"column":1}},"locations":[{"start":{"line":3,"column":24},"end":{"line":6,"column":1}}]},"1":{"type":"branch","line":5,"loc":{"start":{"line":5,"column":23},"end":{"line":5,"column":31}},"locations":[{"start":{"line":5,"column":23},"end":{"line":5,"column":31}}]},"2":{"type":"branch","line":5,"loc":{"start":{"line":5,"column":32},"end":{"line":5,"column":40}},"locations":[{"start":{"line":5,"column":32},"end":{"line":5,"column":40}}]}},"b":{"0":[3],"1":[2],"2":[1]},"fnMap":{"0":{"name":"flipCoin","decl":{"start":{"line":3,"column":24},"end":{"line":6,"column":1}},"loc":{"start":{"line":3,"column":24},"end":{"line":6,"column":1}},"line":3}},"f":{"0":3}}
,"/Users/hyunji/Downloads/(250912)jest-test/src/grade.ts": {"path":"/Users/hyunji/Downloads/(250912)jest-test/src/grade.ts","all":false,"statementMap":{"0":{"start":{"line":1,"column":0},"end":{"line":1,"column":42}},"1":{"start":{"line":2,"column":0},"end":{"line":2,"column":40}},"2":{"start":{"line":3,"column":0},"end":{"line":3,"column":1}}},"s":{"0":1,"1":7,"2":7},"branchMap":{"0":{"type":"branch","line":1,"loc":{"start":{"line":1,"column":22},"end":{"line":3,"column":1}},"locations":[{"start":{"line":1,"column":22},"end":{"line":3,"column":1}}]},"1":{"type":"branch","line":2,"loc":{"start":{"line":2,"column":23},"end":{"line":2,"column":31}},"locations":[{"start":{"line":2,"column":23},"end":{"line":2,"column":31}}]},"2":{"type":"branch","line":2,"loc":{"start":{"line":2,"column":32},"end":{"line":2,"column":40}},"locations":[{"start":{"line":2,"column":32},"end":{"line":2,"column":40}}]}},"b":{"0":[7],"1":[3],"2":[4]},"fnMap":{"0":{"name":"isPass","decl":{"start":{"line":1,"column":22},"end":{"line":3,"column":1}},"loc":{"start":{"line":1,"column":22},"end":{"line":3,"column":1}},"line":1}},"f":{"0":7}}
,"/Users/hyunji/Downloads/(250912)jest-test/src/hello.ts": {"path":"/Users/hyunji/Downloads/(250912)jest-test/src/hello.ts","all":false,"statementMap":{"0":{"start":{"line":1,"column":0},"end":{"line":1,"column":49}},"1":{"start":{"line":2,"column":0},"end":{"line":2,"column":26}},"2":{"start":{"line":3,"column":0},"end":{"line":3,"column":1}}},"s":{"0":1,"1":1,"2":1},"branchMap":{"0":{"type":"branch","line":1,"loc":{"start":{"line":1,"column":21},"end":{"line":3,"column":1}},"locations":[{"start":{"line":1,"column":21},"end":{"line":3,"column":1}}]}},"b":{"0":[1]},"fnMap":{"0":{"name":"hello","decl":{"start":{"line":1,"column":21},"end":{"line":3,"column":1}},"loc":{"start":{"line":1,"column":21},"end":{"line":3,"column":1}},"line":1}},"f":{"0":1}}
,"/Users/hyunji/Downloads/(250912)jest-test/src/mock.ts": {"path":"/Users/hyunji/Downloads/(250912)jest-test/src/mock.ts","all":false,"statementMap":{"0":{"start":{"line":1,"column":0},"end":{"line":1,"column":26}},"1":{"start":{"line":2,"column":0},"end":{"line":2,"column":15}},"2":{"start":{"line":3,"column":0},"end":{"line":3,"column":17}},"3":{"start":{"line":4,"column":0},"end":{"line":4,"column":18}},"4":{"start":{"line":5,"column":0},"end":{"line":5,"column":1}},"5":{"start":{"line":6,"column":0},"end":{"line":6,"column":0}},"6":{"start":{"line":7,"column":0},"end":{"line":7,"column":58}},"7":{"start":{"line":8,"column":0},"end":{"line":8,"column":0}},"8":{"start":{"line":9,"column":0},"end":{"line":9,"column":36}},"9":{"start":{"line":10,"column":0},"end":{"line":10,"column":26}},"10":{"start":{"line":11,"column":0},"end":{"line":11,"column":1}},"11":{"start":{"line":12,"column":0},"end":{"line":12,"column":0}},"12":{"start":{"line":13,"column":0},"end":{"line":13,"column":81}},"13":{"start":{"line":14,"column":0},"end":{"line":14,"column":104}},"14":{"start":{"line":15,"column":0},"end":{"line":15,"column":18}},"15":{"start":{"line":16,"column":0},"end":{"line":16,"column":1}}},"s":{"0":1,"1":1,"2":1,"3":1,"4":1,"5":1,"6":1,"7":1,"8":1,"9":1,"10":1,"11":1,"12":1,"13":2,"14":2,"15":2},"branchMap":{"0":{"type":"branch","line":13,"loc":{"start":{"line":13,"column":26},"end":{"line":16,"column":1}},"locations":[{"start":{"line":13,"column":26},"end":{"line":16,"column":1}}]}},"b":{"0":[2]},"fnMap":{"0":{"name":"getProduct","decl":{"start":{"line":13,"column":26},"end":{"line":16,"column":1}},"loc":{"start":{"line":13,"column":26},"end":{"line":16,"column":1}},"line":13}},"f":{"0":2}}
,"/Users/hyunji/Downloads/(250912)jest-test/src/product/repository.ts": {"path":"/Users/hyunji/Downloads/(250912)jest-test/src/product/repository.ts","all":false,"statementMap":{"0":{"start":{"line":1,"column":0},"end":{"line":1,"column":34}},"1":{"start":{"line":2,"column":0},"end":{"line":2,"column":0}},"2":{"start":{"line":3,"column":0},"end":{"line":3,"column":20}},"3":{"start":{"line":4,"column":0},"end":{"line":4,"column":98}},"4":{"start":{"line":5,"column":0},"end":{"line":5,"column":1}},"5":{"start":{"line":6,"column":0},"end":{"line":6,"column":0}},"6":{"start":{"line":7,"column":0},"end":{"line":7,"column":25}}},"s":{"0":1,"1":1,"2":1,"3":1,"4":1,"5":1,"6":1},"branchMap":{},"b":{},"fnMap":{"0":{"name":"findById","decl":{"start":{"line":4,"column":14},"end":{"line":4,"column":97}},"loc":{"start":{"line":4,"column":14},"end":{"line":4,"column":97}},"line":4}},"f":{"0":0}}
,"/Users/hyunji/Downloads/(250912)jest-test/src/product/service.ts": {"path":"/Users/hyunji/Downloads/(250912)jest-test/src/product/service.ts","all":false,"statementMap":{"0":{"start":{"line":1,"column":0},"end":{"line":1,"column":37}},"1":{"start":{"line":2,"column":0},"end":{"line":2,"column":0}},"2":{"start":{"line":3,"column":0},"end":{"line":3,"column":50}},"3":{"start":{"line":4,"column":0},"end":{"line":4,"column":50}},"4":{"start":{"line":5,"column":0},"end":{"line":5,"column":18}},"5":{"start":{"line":6,"column":0},"end":{"line":6,"column":1}}},"s":{"0":1,"1":1,"2":1,"3":2,"4":2,"5":2},"branchMap":{"0":{"type":"branch","line":3,"loc":{"start":{"line":3,"column":26},"end":{"line":6,"column":1}},"locations":[{"start":{"line":3,"column":26},"end":{"line":6,"column":1}}]}},"b":{"0":[2]},"fnMap":{"0":{"name":"getProduct","decl":{"start":{"line":3,"column":26},"end":{"line":6,"column":1}},"loc":{"start":{"line":3,"column":26},"end":{"line":6,"column":1}},"line":3}},"f":{"0":2}}
}
