TN:
SF:src/async.ts
FN:3,fetchData
FN:7,getAvatars
FNF:2
FNH:2
FNDA:1,fetchData
FNDA:1,getAvatars
DA:1,1
DA:2,1
DA:3,1
DA:4,1
DA:5,1
DA:6,1
DA:7,1
DA:8,1
DA:9,1
DA:10,1
DA:11,1
LF:11
LH:11
BRDA:3,0,0,1
BRDA:4,1,0,1
BRDA:7,2,0,1
BRF:3
BRH:3
end_of_record
TN:
SF:src/couter.ts
FN:1,<instance_members_initializer>
FN:4,increment
FN:7,decrement
FN:10,set
FN:13,get
FN:16,reset
FNF:6
FNH:5
FNDA:1,<instance_members_initializer>
FNDA:1,increment
FNDA:1,decrement
FNDA:2,set
FNDA:2,get
FNDA:0,reset
DA:1,1
DA:2,1
DA:3,1
DA:4,1
DA:5,1
DA:6,1
DA:7,1
DA:8,1
DA:9,1
DA:10,1
DA:11,2
DA:12,2
DA:13,1
DA:14,2
DA:15,2
DA:16,1
DA:17,0
DA:18,0
DA:19,1
DA:20,1
DA:21,1
LF:21
LH:19
BRDA:1,0,0,1
BRDA:4,1,0,1
BRDA:7,2,0,1
BRDA:10,3,0,2
BRDA:13,4,0,2
BRF:5
BRH:5
end_of_record
TN:
SF:src/data.ts
FNF:0
FNH:0
DA:1,1
DA:2,1
DA:3,1
DA:4,1
DA:5,1
DA:6,1
DA:7,1
DA:8,1
DA:9,1
DA:10,1
DA:11,1
DA:12,1
LF:12
LH:12
BRF:0
BRH:0
end_of_record
TN:
SF:src/flip-coin.ts
FN:3,flipCoin
FNF:1
FNH:1
FNDA:3,flipCoin
DA:1,1
DA:2,1
DA:3,1
DA:4,3
DA:5,3
DA:6,3
LF:6
LH:6
BRDA:3,0,0,3
BRDA:5,1,0,1
BRDA:5,2,0,2
BRF:3
BRH:3
end_of_record
TN:
SF:src/grade.ts
FN:1,isPass
FNF:1
FNH:1
FNDA:7,isPass
DA:1,1
DA:2,7
DA:3,7
LF:3
LH:3
BRDA:1,0,0,7
BRDA:2,1,0,3
BRDA:2,2,0,4
BRF:3
BRH:3
end_of_record
TN:
SF:src/hello.ts
FN:1,hello
FNF:1
FNH:1
FNDA:1,hello
DA:1,1
DA:2,1
DA:3,1
LF:3
LH:3
BRDA:1,0,0,1
BRF:1
BRH:1
end_of_record
TN:
SF:src/mock.ts
FN:13,getProduct
FNF:1
FNH:1
FNDA:2,getProduct
DA:1,1
DA:2,1
DA:3,1
DA:4,1
DA:5,1
DA:6,1
DA:7,1
DA:8,1
DA:9,1
DA:10,1
DA:11,1
DA:12,1
DA:13,1
DA:14,2
DA:15,2
DA:16,2
LF:16
LH:16
BRDA:13,0,0,2
BRF:1
BRH:1
end_of_record
TN:
SF:src/product/repository.ts
FN:4,findById
FNF:1
FNH:0
FNDA:0,findById
DA:1,1
DA:2,1
DA:3,1
DA:4,1
DA:5,1
DA:6,1
DA:7,1
LF:7
LH:7
BRF:0
BRH:0
end_of_record
TN:
SF:src/product/service.ts
FN:3,getProduct
FNF:1
FNH:1
FNDA:2,getProduct
DA:1,1
DA:2,1
DA:3,1
DA:4,2
DA:5,2
DA:6,2
LF:6
LH:6
BRDA:3,0,0,2
BRF:1
BRH:1
end_of_record
